TN:
SF:script/MonaPacket.s.sol
DA:12,0
FN:12,MonaPacketScript.setUp
FNDA:0,MonaPacketScript.setUp
DA:14,0
FN:14,MonaPacketScript.run
FNDA:0,MonaPacketScript.run
DA:15,0
DA:16,0
DA:18,0
DA:23,0
DA:26,0
DA:27,0
DA:28,0
DA:29,0
DA:34,0
DA:36,0
DA:39,0
DA:40,0
DA:41,0
DA:45,0
DA:46,0
DA:51,0
DA:63,0
FN:63,MonaPacketScript.saveDeploymentInfo
FNDA:0,MonaPacketScript.saveDeploymentInfo
DA:70,0
DA:73,0
DA:77,0
DA:82,0
DA:83,0
DA:88,0
DA:93,0
DA:96,0
DA:103,0
DA:104,0
FNF:3
FNH:0
LF:29
LH:0
BRF:0
BRH:0
end_of_record
TN:
SF:src/ERC6551Registry.sol
DA:7,262
FN:7,ERC6551Registry.createAccount
FNDA:262,ERC6551Registry.createAccount
DA:31,0
DA:34,262
DA:35,262
DA:36,262
DA:37,262
DA:40,262
DA:41,262
DA:42,262
DA:43,262
DA:46,262
DA:49,262
BRDA:49,0,0,-
DA:51,262
DA:54,262
BRDA:54,1,0,-
DA:55,0
DA:56,0
DA:60,262
DA:63,262
DA:74,262
DA:78,0
DA:79,0
DA:83,3
FN:83,ERC6551Registry.account
FNDA:3,ERC6551Registry.account
DA:92,0
DA:93,0
DA:94,0
DA:97,3
DA:98,3
DA:99,3
DA:100,3
DA:103,3
DA:104,3
DA:105,3
DA:106,3
DA:109,3
DA:112,3
FNF:2
FNH:2
LF:35
LH:27
BRF:2
BRH:0
end_of_record
TN:
SF:src/MonaPacket.sol
DA:63,10
FN:63,MonaPacket.constructor
FNDA:10,MonaPacket.constructor
DA:68,10
DA:69,10
DA:70,10
DA:71,10
DA:83,2
FN:83,MonaPacket.createWithNativeToken
FNDA:2,MonaPacket.createWithNativeToken
DA:86,2
BRDA:86,0,0,-
DA:87,2
BRDA:87,1,0,-
DA:90,2
DA:91,2
DA:94,2
DA:95,2
BRDA:95,2,0,-
DA:97,2
DA:108,261
FN:108,MonaPacket.createWithERC20
FNDA:261,MonaPacket.createWithERC20
DA:113,261
BRDA:113,3,0,1
DA:116,260
DA:117,260
DA:120,260
DA:121,260
BRDA:121,4,0,-
DA:123,260
DA:130,0
FN:130,MonaPacket.createWithERC20Permit
FNDA:0,MonaPacket.createWithERC20Permit
DA:140,0
DA:151,0
DA:161,262
FN:161,MonaPacket._createPacket
FNDA:262,MonaPacket._createPacket
DA:164,262
BRDA:164,5,0,-
DA:167,262
DA:170,262
DA:187,3
FN:187,MonaPacket.getAccount
FNDA:3,MonaPacket.getAccount
DA:188,3
DA:189,3
DA:207,2
FN:207,MonaPacket.setAccountImplementation
FNDA:2,MonaPacket.setAccountImplementation
DA:210,1
DA:211,1
FNF:7
FNH:6
LF:33
LH:30
BRF:6
BRH:1
end_of_record
TN:
SF:src/MonaPacketAccount.sol
DA:17,3
FN:17,MonaPacketAccount.execute
FNDA:3,MonaPacketAccount.execute
DA:23,3
BRDA:23,0,0,1
BRDA:23,0,1,2
DA:24,2
BRDA:24,1,0,-
BRDA:24,1,1,2
DA:26,2
DA:28,2
DA:29,2
DA:31,2
BRDA:31,2,0,-
DA:33,0
DA:38,0
FN:38,MonaPacketAccount.isValidSigner
FNDA:0,MonaPacketAccount.isValidSigner
DA:42,0
BRDA:42,3,0,-
DA:43,0
DA:46,0
DA:49,0
FN:49,MonaPacketAccount.isValidSignature
FNDA:0,MonaPacketAccount.isValidSignature
DA:53,0
DA:59,0
BRDA:59,4,0,-
DA:60,0
DA:63,0
DA:66,0
FN:66,MonaPacketAccount.supportsInterface
FNDA:0,MonaPacketAccount.supportsInterface
DA:69,0
DA:70,0
DA:71,0
DA:72,0
DA:75,0
FN:75,MonaPacketAccount.token
FNDA:0,MonaPacketAccount.token
DA:76,3
DA:79,3
DA:82,3
DA:85,0
FN:85,MonaPacketAccount.owner
FNDA:0,MonaPacketAccount.owner
DA:86,3
DA:87,3
DA:89,3
DA:92,3
FN:92,MonaPacketAccount._isValidSigner
FNDA:3,MonaPacketAccount._isValidSigner
DA:95,3
FNF:7
FNH:2
LF:32
LH:15
BRF:7
BRH:3
end_of_record
TN:
SF:src/MonaPacketNFT.sol
DA:21,263
FN:21,MonaPacketNFT.mint
FNDA:263,MonaPacketNFT.mint
DA:22,262
BRDA:22,0,0,-
BRDA:22,0,1,262
DA:24,262
DA:25,262
FNF:1
FNH:1
LF:4
LH:4
BRF:2
BRH:1
end_of_record
TN:
SF:test/MonaPacket.t.sol
DA:278,10
FN:278,MockERC20.mint
FNDA:10,MockERC20.mint
DA:279,10
DA:280,10
DA:281,10
DA:284,0
FN:284,MockERC20.totalSupply
FNDA:0,MockERC20.totalSupply
DA:285,0
DA:288,264
FN:288,MockERC20.balanceOf
FNDA:264,MockERC20.balanceOf
DA:289,264
DA:292,1
FN:292,MockERC20.transfer
FNDA:1,MockERC20.transfer
DA:296,1
DA:297,1
DA:300,0
FN:300,MockERC20.allowance
FNDA:0,MockERC20.allowance
DA:304,0
DA:307,260
FN:307,MockERC20.approve
FNDA:260,MockERC20.approve
DA:308,260
DA:309,260
DA:312,260
FN:312,MockERC20.transferFrom
FNDA:260,MockERC20.transferFrom
DA:317,260
DA:318,260
DA:319,260
BRDA:319,0,0,-
BRDA:319,0,1,260
DA:324,260
DA:326,260
DA:329,261
FN:329,MockERC20._transfer
FNDA:261,MockERC20._transfer
DA:334,261
DA:335,261
BRDA:335,1,0,-
BRDA:335,1,1,261
DA:340,261
DA:342,261
DA:343,261
DA:346,520
FN:346,MockERC20._approve
FNDA:520,MockERC20._approve
DA:347,520
DA:348,520
FNF:9
FNH:7
LF:31
LH:27
BRF:4
BRH:2
end_of_record
